This file contains any messages produced by compilers while
running configure, to aid debugging if configure makes a mistake.

It was created by ammx2drotations configure 0.1, which was
generated by GNU Autoconf 2.69.  Invocation command line was

  $ ./configure --host m68k

## --------- ##
## Platform. ##
## --------- ##

hostname = c7599c686834
uname -m = x86_64
uname -r = 4.15.0-147-generic
uname -s = Linux
uname -v = #151-Ubuntu SMP Fri Jun 18 19:21:19 UTC 2021

/usr/bin/uname -p = x86_64
/bin/uname -X     = unknown

/bin/arch              = x86_64
/usr/bin/arch -k       = unknown
/usr/convex/getsysinfo = unknown
/usr/bin/hostinfo      = unknown
/bin/machine           = unknown
/usr/bin/oslevel       = unknown
/bin/universe          = unknown

PATH: /root/.vscode-server/bin/054a9295330880ed74ceaedda236253b4f39a335/bin
PATH: /opt/amiga/bin
PATH: /usr/local/sbin
PATH: /usr/local/bin
PATH: /usr/sbin
PATH: /usr/bin
PATH: /sbin
PATH: /bin


## ----------- ##
## Core tests. ##
## ----------- ##

configure:2127: checking for a BSD-compatible install
configure:2195: result: /usr/bin/install -c
configure:2206: checking whether build environment is sane
configure:2261: result: yes
configure:2318: checking for m68k-strip
configure:2348: result: no
configure:2358: checking for strip
configure:2388: result: no
configure:2410: checking for a thread-safe mkdir -p
configure:2449: result: /usr/bin/mkdir -p
configure:2456: checking for gawk
configure:2486: result: no
configure:2456: checking for mawk
configure:2472: found /usr/bin/mawk
configure:2483: result: mawk
configure:2494: checking whether make sets $(MAKE)
configure:2516: result: yes
configure:2545: checking whether make supports nested variables
configure:2562: result: yes
configure:2701: checking for m68k-m68k-amigaos-gcc
configure:2731: result: no
configure:2745: checking for m68k-amigaos-gcc
configure:2761: found /opt/amiga/bin/m68k-amigaos-gcc
configure:2772: result: m68k-amigaos-gcc
configure:2803: checking for C compiler version
configure:2812: m68k-amigaos-gcc --version >&5
m68k-amigaos-gcc (GCC) 6.5.0b 210216082456
Copyright (C) 2017 Free Software Foundation, Inc.
This is free software; see the source for copying conditions.  There is NO
warranty; not even for MERCHANTABILITY or FITNESS FOR A PARTICULAR PURPOSE.

configure:2823: $? = 0
configure:2812: m68k-amigaos-gcc -v >&5
Using built-in specs.
COLLECT_GCC=m68k-amigaos-gcc
COLLECT_LTO_WRAPPER=/opt/amiga/libexec/gcc/m68k-amigaos/6.5.0b/lto-wrapper
Target: m68k-amigaos
Configured with: /root/amiga-gcc/projects/gcc/configure --prefix=/opt/amiga --target=m68k-amigaos --enable-languages=c,c++,objc --enable-version-specific-runtime-libs --disable-libssp --disable-nls --with-headers=/root/amiga-gcc/projects/newlib-cygwin/newlib/libc/sys/amigaos/include/ --disable-shared --enable-threads=no --with-stage1-ldflags='-dynamic-libgcc -dynamic-libstdc++' --with-boot-ldflags='-dynamic-libgcc -dynamic-libstdc++'
Thread model: single
gcc version 6.5.0b 210216082456 (GCC) 
configure:2823: $? = 0
configure:2812: m68k-amigaos-gcc -V >&5
m68k-amigaos-gcc: error: unrecognized command line option '-V'
m68k-amigaos-gcc: fatal error: no input files
compilation terminated.
configure:2823: $? = 1
configure:2812: m68k-amigaos-gcc -qversion >&5
m68k-amigaos-gcc: error: unrecognized command line option '-qversion'; did you mean '--version'?
m68k-amigaos-gcc: fatal error: no input files
compilation terminated.
configure:2823: $? = 1
configure:2843: checking whether the C compiler works
configure:2865: m68k-amigaos-gcc    conftest.c  >&5
configure:2869: $? = 0
configure:2917: result: yes
configure:2920: checking for C compiler default output file name
configure:2922: result: a.out
configure:2928: checking for suffix of executables
configure:2935: m68k-amigaos-gcc -o conftest    conftest.c  >&5
configure:2939: $? = 0
configure:2961: result: 
configure:2983: checking whether we are cross compiling
configure:2991: m68k-amigaos-gcc -o conftest    conftest.c  >&5
configure:2995: $? = 0
configure:3002: ./conftest
./configure: line 3004: ./conftest: cannot execute binary file: Exec format error
configure:3006: $? = 126
configure:2994: result: yes
configure:2999: checking for suffix of object files
configure:3021: m68k-amigaos-gcc -c   conftest.c >&5
configure:3025: $? = 0
configure:3046: result: o
configure:3050: checking whether we are using the GNU C compiler
configure:3069: m68k-amigaos-gcc -c   conftest.c >&5
configure:3069: $? = 0
configure:3078: result: yes
configure:3087: checking whether m68k-amigaos-gcc accepts -g
configure:3107: m68k-amigaos-gcc -c -g  conftest.c >&5
configure:3107: $? = 0
configure:3148: result: yes
configure:3165: checking for m68k-amigaos-gcc option to accept ISO C89
configure:3228: m68k-amigaos-gcc  -c -g -O2  conftest.c >&5
configure:3228: $? = 0
configure:3241: result: none needed
configure:3266: checking whether m68k-amigaos-gcc understands -c and -o together
configure:3288: m68k-amigaos-gcc -c conftest.c -o conftest2.o
configure:3291: $? = 0
configure:3288: m68k-amigaos-gcc -c conftest.c -o conftest2.o
configure:3291: $? = 0
configure:3303: result: yes
configure:3323: checking whether make supports the include directive
configure:3338: make -f confmf.GNU && cat confinc.out
this is the am__doit target
configure:3341: $? = 0
configure:3360: result: yes (GNU style)
configure:3385: checking dependency style of m68k-amigaos-gcc
configure:3496: result: gcc3
configure:3524: checking how to run the C preprocessor
configure:3555: m68k-amigaos-gcc -E  conftest.c
configure:3555: $? = 0
configure:3569: m68k-amigaos-gcc -E  conftest.c
conftest.c:11:28: fatal error: ac_nonexistent.h: No such file or directory
 #include <ac_nonexistent.h>
                            ^
compilation terminated.
configure:3569: $? = 1
configure: failed program was:
| /* confdefs.h */
| #define PACKAGE_NAME "ammx2drotations"
| #define PACKAGE_TARNAME "ammx2drotations"
| #define PACKAGE_VERSION "0.1"
| #define PACKAGE_STRING "ammx2drotations 0.1"
| #define PACKAGE_BUGREPORT ""
| #define PACKAGE_URL ""
| #define PACKAGE "ammx2drotations"
| #define VERSION "0.1"
| /* end confdefs.h.  */
| #include <ac_nonexistent.h>
configure:3594: result: m68k-amigaos-gcc -E
configure:3614: m68k-amigaos-gcc -E  conftest.c
configure:3614: $? = 0
configure:3628: m68k-amigaos-gcc -E  conftest.c
conftest.c:11:28: fatal error: ac_nonexistent.h: No such file or directory
 #include <ac_nonexistent.h>
                            ^
compilation terminated.
configure:3628: $? = 1
configure: failed program was:
| /* confdefs.h */
| #define PACKAGE_NAME "ammx2drotations"
| #define PACKAGE_TARNAME "ammx2drotations"
| #define PACKAGE_VERSION "0.1"
| #define PACKAGE_STRING "ammx2drotations 0.1"
| #define PACKAGE_BUGREPORT ""
| #define PACKAGE_URL ""
| #define PACKAGE "ammx2drotations"
| #define VERSION "0.1"
| /* end confdefs.h.  */
| #include <ac_nonexistent.h>
configure:3657: checking for grep that handles long lines and -e
configure:3715: result: /usr/bin/grep
configure:3720: checking for egrep
configure:3782: result: /usr/bin/grep -E
configure:3787: checking for ANSI C header files
configure:3807: m68k-amigaos-gcc -c -m68000 -msoft-float -fomit-frame-pointer -s -noixemul -ffast-math -DAMIGA -Wall -Wextra -O3  conftest.c >&5
configure:3807: $? = 0
configure:3891: result: yes
configure:3904: checking for sys/types.h
configure:3904: m68k-amigaos-gcc -c -m68000 -msoft-float -fomit-frame-pointer -s -noixemul -ffast-math -DAMIGA -Wall -Wextra -O3  conftest.c >&5
configure:3904: $? = 0
configure:3904: result: yes
configure:3904: checking for sys/stat.h
configure:3904: m68k-amigaos-gcc -c -m68000 -msoft-float -fomit-frame-pointer -s -noixemul -ffast-math -DAMIGA -Wall -Wextra -O3  conftest.c >&5
configure:3904: $? = 0
configure:3904: result: yes
configure:3904: checking for stdlib.h
configure:3904: m68k-amigaos-gcc -c -m68000 -msoft-float -fomit-frame-pointer -s -noixemul -ffast-math -DAMIGA -Wall -Wextra -O3  conftest.c >&5
configure:3904: $? = 0
configure:3904: result: yes
configure:3904: checking for string.h
configure:3904: m68k-amigaos-gcc -c -m68000 -msoft-float -fomit-frame-pointer -s -noixemul -ffast-math -DAMIGA -Wall -Wextra -O3  conftest.c >&5
configure:3904: $? = 0
configure:3904: result: yes
configure:3904: checking for memory.h
configure:3904: m68k-amigaos-gcc -c -m68000 -msoft-float -fomit-frame-pointer -s -noixemul -ffast-math -DAMIGA -Wall -Wextra -O3  conftest.c >&5
configure:3904: $? = 0
configure:3904: result: yes
configure:3904: checking for strings.h
configure:3904: m68k-amigaos-gcc -c -m68000 -msoft-float -fomit-frame-pointer -s -noixemul -ffast-math -DAMIGA -Wall -Wextra -O3  conftest.c >&5
configure:3904: $? = 0
configure:3904: result: yes
configure:3904: checking for inttypes.h
configure:3904: m68k-amigaos-gcc -c -m68000 -msoft-float -fomit-frame-pointer -s -noixemul -ffast-math -DAMIGA -Wall -Wextra -O3  conftest.c >&5
configure:3904: $? = 0
configure:3904: result: yes
configure:3904: checking for stdint.h
configure:3904: m68k-amigaos-gcc -c -m68000 -msoft-float -fomit-frame-pointer -s -noixemul -ffast-math -DAMIGA -Wall -Wextra -O3  conftest.c >&5
configure:3904: $? = 0
configure:3904: result: yes
configure:3904: checking for unistd.h
configure:3904: m68k-amigaos-gcc -c -m68000 -msoft-float -fomit-frame-pointer -s -noixemul -ffast-math -DAMIGA -Wall -Wextra -O3  conftest.c >&5
configure:3904: $? = 0
configure:3904: result: yes
configure:3919: checking for stdlib.h
configure:3919: result: yes
configure:3919: checking ace/managers/key.h usability
configure:3919: m68k-amigaos-gcc -c -m68000 -msoft-float -fomit-frame-pointer -s -noixemul -ffast-math -DAMIGA -Wall -Wextra -O3  conftest.c >&5
configure:3919: $? = 0
configure:3919: result: yes
configure:3919: checking ace/managers/key.h presence
configure:3919: m68k-amigaos-gcc -E  conftest.c
configure:3919: $? = 0
configure:3919: result: yes
configure:3919: checking for ace/managers/key.h
configure:3919: result: yes
configure:3919: checking ace/managers/game.h usability
configure:3919: m68k-amigaos-gcc -c -m68000 -msoft-float -fomit-frame-pointer -s -noixemul -ffast-math -DAMIGA -Wall -Wextra -O3  conftest.c >&5
configure:3919: $? = 0
configure:3919: result: yes
configure:3919: checking ace/managers/game.h presence
configure:3919: m68k-amigaos-gcc -E  conftest.c
configure:3919: $? = 0
configure:3919: result: yes
configure:3919: checking for ace/managers/game.h
configure:3919: result: yes
configure:3919: checking ace/utils/chunky.h usability
configure:3919: m68k-amigaos-gcc -c -m68000 -msoft-float -fomit-frame-pointer -s -noixemul -ffast-math -DAMIGA -Wall -Wextra -O3  conftest.c >&5
configure:3919: $? = 0
configure:3919: result: yes
configure:3919: checking ace/utils/chunky.h presence
configure:3919: m68k-amigaos-gcc -E  conftest.c
configure:3919: $? = 0
configure:3919: result: yes
configure:3919: checking for ace/utils/chunky.h
configure:3919: result: yes
configure:3919: checking ace/managers/viewport/simplebuffer.h usability
configure:3919: m68k-amigaos-gcc -c -m68000 -msoft-float -fomit-frame-pointer -s -noixemul -ffast-math -DAMIGA -Wall -Wextra -O3  conftest.c >&5
configure:3919: $? = 0
configure:3919: result: yes
configure:3919: checking ace/managers/viewport/simplebuffer.h presence
configure:3919: m68k-amigaos-gcc -E  conftest.c
configure:3919: $? = 0
configure:3919: result: yes
configure:3919: checking for ace/managers/viewport/simplebuffer.h
configure:3919: result: yes
configure:3935: checking for library containing viewCreate
configure:3966: m68k-amigaos-gcc -o conftest -m68000 -msoft-float -fomit-frame-pointer -s -noixemul -ffast-math -DAMIGA -Wall -Wextra -O3   conftest.c  >&5
/opt/amiga/lib/gcc/m68k-amigaos/6.5.0b/../../../../m68k-amigaos/bin/ld: /tmp/cc9pwcLy.o: in function `main':
/tmp/cc9pwcLy.o:(.text+0x2): undefined reference to `viewCreate'
collect2: error: ld returned 1 exit status
configure:3966: $? = 1
configure: failed program was:
| /* confdefs.h */
| #define PACKAGE_NAME "ammx2drotations"
| #define PACKAGE_TARNAME "ammx2drotations"
| #define PACKAGE_VERSION "0.1"
| #define PACKAGE_STRING "ammx2drotations 0.1"
| #define PACKAGE_BUGREPORT ""
| #define PACKAGE_URL ""
| #define PACKAGE "ammx2drotations"
| #define VERSION "0.1"
| #define STDC_HEADERS 1
| #define HAVE_SYS_TYPES_H 1
| #define HAVE_SYS_STAT_H 1
| #define HAVE_STDLIB_H 1
| #define HAVE_STRING_H 1
| #define HAVE_MEMORY_H 1
| #define HAVE_STRINGS_H 1
| #define HAVE_INTTYPES_H 1
| #define HAVE_STDINT_H 1
| #define HAVE_UNISTD_H 1
| #define HAVE_STDLIB_H 1
| #define HAVE_ACE_MANAGERS_KEY_H 1
| #define HAVE_ACE_MANAGERS_GAME_H 1
| #define HAVE_ACE_UTILS_CHUNKY_H 1
| #define HAVE_ACE_MANAGERS_VIEWPORT_SIMPLEBUFFER_H 1
| /* end confdefs.h.  */
| 
| /* Override any GCC internal prototype to avoid an error.
|    Use char because int might match the return type of a GCC
|    builtin and then its argument prototype would still apply.  */
| #ifdef __cplusplus
| extern "C"
| #endif
| char viewCreate ();
| int
| main ()
| {
| return viewCreate ();
|   ;
|   return 0;
| }
configure:3966: m68k-amigaos-gcc -o conftest -m68000 -msoft-float -fomit-frame-pointer -s -noixemul -ffast-math -DAMIGA -Wall -Wextra -O3   conftest.c -lacerelease   >&5
configure:3966: $? = 0
configure:3983: result: -lacerelease
configure:3999: checking for bitmap_conv
configure:4015: found /usr/local/bin/bitmap_conv
configure:4027: result: yes
configure:4041: checking for palette_conv
configure:4057: found /usr/local/bin/palette_conv
configure:4069: result: yes
configure:4083: checking for vasmm68k_mot
configure:4099: found /opt/amiga/bin/vasmm68k_mot
configure:4111: result: vasmm68k_mot
configure:4125: checking for dd
configure:4141: found /usr/bin/dd
configure:4153: result: yes
configure:4308: checking that generated files are newer than configure
configure:4314: result: done
configure:4337: creating ./config.status

## ---------------------- ##
## Running config.status. ##
## ---------------------- ##

This file was extended by ammx2drotations config.status 0.1, which was
generated by GNU Autoconf 2.69.  Invocation command line was

  CONFIG_FILES    = 
  CONFIG_HEADERS  = 
  CONFIG_LINKS    = 
  CONFIG_COMMANDS = 
  $ ./config.status 

on c7599c686834

config.status:779: creating Makefile
config.status:779: creating src/Makefile
config.status:951: executing depfiles commands
config.status:1028: cd src       && sed -e '/# am--include-marker/d' Makefile         | make -f - am--depfiles
make: Nothing to be done for 'am--depfiles'.
config.status:1033: $? = 0

## ---------------- ##
## Cache variables. ##
## ---------------- ##

ac_cv_c_compiler_gnu=yes
ac_cv_env_CC_set=
ac_cv_env_CC_value=
ac_cv_env_CFLAGS_set=
ac_cv_env_CFLAGS_value=
ac_cv_env_CPPFLAGS_set=
ac_cv_env_CPPFLAGS_value=
ac_cv_env_CPP_set=
ac_cv_env_CPP_value=
ac_cv_env_LDFLAGS_set=
ac_cv_env_LDFLAGS_value=
ac_cv_env_LIBS_set=
ac_cv_env_LIBS_value=
ac_cv_env_build_alias_set=
ac_cv_env_build_alias_value=
ac_cv_env_host_alias_set=set
ac_cv_env_host_alias_value=m68k
ac_cv_env_target_alias_set=
ac_cv_env_target_alias_value=
ac_cv_header_ace_managers_game_h=yes
ac_cv_header_ace_managers_key_h=yes
ac_cv_header_ace_managers_viewport_simplebuffer_h=yes
ac_cv_header_ace_utils_chunky_h=yes
ac_cv_header_inttypes_h=yes
ac_cv_header_memory_h=yes
ac_cv_header_stdc=yes
ac_cv_header_stdint_h=yes
ac_cv_header_stdlib_h=yes
ac_cv_header_string_h=yes
ac_cv_header_strings_h=yes
ac_cv_header_sys_stat_h=yes
ac_cv_header_sys_types_h=yes
ac_cv_header_unistd_h=yes
ac_cv_objext=o
ac_cv_path_EGREP='/usr/bin/grep -E'
ac_cv_path_GREP=/usr/bin/grep
ac_cv_path_install='/usr/bin/install -c'
ac_cv_path_mkdir=/usr/bin/mkdir
ac_cv_prog_AWK=mawk
ac_cv_prog_CPP='m68k-amigaos-gcc -E'
ac_cv_prog_ac_ct_CC=m68k-amigaos-gcc
ac_cv_prog_assembler=vasmm68k_mot
ac_cv_prog_bitmap_conv=yes
ac_cv_prog_cc_c89=
ac_cv_prog_cc_g=yes
ac_cv_prog_dd=yes
ac_cv_prog_make_make_set=yes
ac_cv_prog_palette_conv=yes
ac_cv_search_viewCreate=-lacerelease
am_cv_CC_dependencies_compiler_type=gcc3
am_cv_make_support_nested_variables=yes
am_cv_prog_cc_c_o=yes

## ----------------- ##
## Output variables. ##
## ----------------- ##

ACLOCAL='${SHELL} /data/AceTests/ammx2drotations/missing aclocal-1.16'
AMDEPBACKSLASH='\'
AMDEP_FALSE='#'
AMDEP_TRUE=''
AMTAR='$${TAR-tar}'
AM_BACKSLASH='\'
AM_DEFAULT_V='$(AM_DEFAULT_VERBOSITY)'
AM_DEFAULT_VERBOSITY='1'
AM_V='$(V)'
AUTOCONF='${SHELL} /data/AceTests/ammx2drotations/missing autoconf'
AUTOHEADER='${SHELL} /data/AceTests/ammx2drotations/missing autoheader'
AUTOMAKE='${SHELL} /data/AceTests/ammx2drotations/missing automake-1.16'
AWK='mawk'
CC='m68k-amigaos-gcc'
CCDEPMODE='depmode=gcc3'
CFLAGS='-m68000 -msoft-float -fomit-frame-pointer -s -noixemul -ffast-math -DAMIGA -Wall -Wextra -O3'
CPP='m68k-amigaos-gcc -E'
CPPFLAGS=''
CYGPATH_W='echo'
DEFS='-DPACKAGE_NAME=\"ammx2drotations\" -DPACKAGE_TARNAME=\"ammx2drotations\" -DPACKAGE_VERSION=\"0.1\" -DPACKAGE_STRING=\"ammx2drotations\ 0.1\" -DPACKAGE_BUGREPORT=\"\" -DPACKAGE_URL=\"\" -DPACKAGE=\"ammx2drotations\" -DVERSION=\"0.1\" -DSTDC_HEADERS=1 -DHAVE_SYS_TYPES_H=1 -DHAVE_SYS_STAT_H=1 -DHAVE_STDLIB_H=1 -DHAVE_STRING_H=1 -DHAVE_MEMORY_H=1 -DHAVE_STRINGS_H=1 -DHAVE_INTTYPES_H=1 -DHAVE_STDINT_H=1 -DHAVE_UNISTD_H=1 -DHAVE_STDLIB_H=1 -DHAVE_ACE_MANAGERS_KEY_H=1 -DHAVE_ACE_MANAGERS_GAME_H=1 -DHAVE_ACE_UTILS_CHUNKY_H=1 -DHAVE_ACE_MANAGERS_VIEWPORT_SIMPLEBUFFER_H=1'
DEPDIR='.deps'
ECHO_C=''
ECHO_N='-n'
ECHO_T=''
EGREP='/usr/bin/grep -E'
EXEEXT=''
GREP='/usr/bin/grep'
INSTALL_DATA='${INSTALL} -m 644'
INSTALL_PROGRAM='${INSTALL}'
INSTALL_SCRIPT='${INSTALL}'
INSTALL_STRIP_PROGRAM='$(install_sh) -c -s'
LDFLAGS=''
LIBOBJS=''
LIBS='-lacerelease '
LTLIBOBJS=''
MAKEINFO='${SHELL} /data/AceTests/ammx2drotations/missing makeinfo'
MKDIR_P='/usr/bin/mkdir -p'
OBJEXT='o'
PACKAGE='ammx2drotations'
PACKAGE_BUGREPORT=''
PACKAGE_NAME='ammx2drotations'
PACKAGE_STRING='ammx2drotations 0.1'
PACKAGE_TARNAME='ammx2drotations'
PACKAGE_URL=''
PACKAGE_VERSION='0.1'
PATH_SEPARATOR=':'
SET_MAKE=''
SHELL='/bin/bash'
STRIP=':'
VERSION='0.1'
ac_ct_CC='m68k-amigaos-gcc'
am__EXEEXT_FALSE=''
am__EXEEXT_TRUE='#'
am__fastdepCC_FALSE='#'
am__fastdepCC_TRUE=''
am__include='include'
am__isrc=''
am__leading_dot='.'
am__nodep='_no'
am__quote=''
am__tar='$${TAR-tar} chof - "$$tardir"'
am__untar='$${TAR-tar} xf -'
assembler='vasmm68k_mot'
bindir='${exec_prefix}/bin'
bitmap_conv='yes'
build_alias=''
datadir='${datarootdir}'
datarootdir='${prefix}/share'
dd='yes'
docdir='${datarootdir}/doc/${PACKAGE_TARNAME}'
dvidir='${docdir}'
exec_prefix='${prefix}'
host_alias='m68k'
htmldir='${docdir}'
includedir='${prefix}/include'
infodir='${datarootdir}/info'
install_sh='${SHELL} /data/AceTests/ammx2drotations/install-sh'
libdir='${exec_prefix}/lib'
libexecdir='${exec_prefix}/libexec'
localedir='${datarootdir}/locale'
localstatedir='${prefix}/var'
mandir='${datarootdir}/man'
mkdir_p='$(MKDIR_P)'
oldincludedir='/usr/include'
palette_conv='yes'
pdfdir='${docdir}'
prefix='/usr/local'
program_transform_name='s,x,x,'
psdir='${docdir}'
runstatedir='${localstatedir}/run'
sbindir='${exec_prefix}/sbin'
sharedstatedir='${prefix}/com'
sysconfdir='${prefix}/etc'
target_alias=''

## ----------- ##
## confdefs.h. ##
## ----------- ##

/* confdefs.h */
#define PACKAGE_NAME "ammx2drotations"
#define PACKAGE_TARNAME "ammx2drotations"
#define PACKAGE_VERSION "0.1"
#define PACKAGE_STRING "ammx2drotations 0.1"
#define PACKAGE_BUGREPORT ""
#define PACKAGE_URL ""
#define PACKAGE "ammx2drotations"
#define VERSION "0.1"
#define STDC_HEADERS 1
#define HAVE_SYS_TYPES_H 1
#define HAVE_SYS_STAT_H 1
#define HAVE_STDLIB_H 1
#define HAVE_STRING_H 1
#define HAVE_MEMORY_H 1
#define HAVE_STRINGS_H 1
#define HAVE_INTTYPES_H 1
#define HAVE_STDINT_H 1
#define HAVE_UNISTD_H 1
#define HAVE_STDLIB_H 1
#define HAVE_ACE_MANAGERS_KEY_H 1
#define HAVE_ACE_MANAGERS_GAME_H 1
#define HAVE_ACE_UTILS_CHUNKY_H 1
#define HAVE_ACE_MANAGERS_VIEWPORT_SIMPLEBUFFER_H 1

configure: exit 0

## ---------------------- ##
## Running config.status. ##
## ---------------------- ##

This file was extended by ammx2drotations config.status 0.1, which was
generated by GNU Autoconf 2.69.  Invocation command line was

  CONFIG_FILES    = 
  CONFIG_HEADERS  = 
  CONFIG_LINKS    = 
  CONFIG_COMMANDS = 
  $ ./config.status src/Makefile depfiles

on c7599c686834

config.status:779: creating src/Makefile
config.status:951: executing depfiles commands
config.status:1028: cd src       && sed -e '/# am--include-marker/d' Makefile         | make -f - am--depfiles
make[2]: Entering directory '/data/AceTests/ammx2drotations/src'
make[2]: Nothing to be done for 'am--depfiles'.
make[2]: Leaving directory '/data/AceTests/ammx2drotations/src'
config.status:1033: $? = 0

## ---------------------- ##
## Running config.status. ##
## ---------------------- ##

This file was extended by ammx2drotations config.status 0.1, which was
generated by GNU Autoconf 2.69.  Invocation command line was

  CONFIG_FILES    = 
  CONFIG_HEADERS  = 
  CONFIG_LINKS    = 
  CONFIG_COMMANDS = 
  $ ./config.status src/Makefile depfiles

on c7599c686834

config.status:779: creating src/Makefile
config.status:951: executing depfiles commands
config.status:1028: cd src       && sed -e '/# am--include-marker/d' Makefile         | make -f - am--depfiles
make[2]: Entering directory '/data/AceTests/ammx2drotations/src'
make[2]: Nothing to be done for 'am--depfiles'.
make[2]: Leaving directory '/data/AceTests/ammx2drotations/src'
config.status:1033: $? = 0

## ---------------------- ##
## Running config.status. ##
## ---------------------- ##

This file was extended by ammx2drotations config.status 0.1, which was
generated by GNU Autoconf 2.69.  Invocation command line was

  CONFIG_FILES    = 
  CONFIG_HEADERS  = 
  CONFIG_LINKS    = 
  CONFIG_COMMANDS = 
  $ ./config.status src/Makefile depfiles

on c7599c686834

config.status:779: creating src/Makefile
config.status:951: executing depfiles commands
config.status:1028: cd src       && sed -e '/# am--include-marker/d' Makefile         | make -f - am--depfiles
make[2]: Entering directory '/data/AceTests/ammx2drotations/src'
make[2]: Nothing to be done for 'am--depfiles'.
make[2]: Leaving directory '/data/AceTests/ammx2drotations/src'
config.status:1033: $? = 0

## ---------------------- ##
## Running config.status. ##
## ---------------------- ##

This file was extended by ammx2drotations config.status 0.1, which was
generated by GNU Autoconf 2.69.  Invocation command line was

  CONFIG_FILES    = 
  CONFIG_HEADERS  = 
  CONFIG_LINKS    = 
  CONFIG_COMMANDS = 
  $ ./config.status src/Makefile depfiles

on c7599c686834

config.status:779: creating src/Makefile
config.status:951: executing depfiles commands
config.status:1028: cd src       && sed -e '/# am--include-marker/d' Makefile         | make -f - am--depfiles
make[2]: Entering directory '/data/AceTests/ammx2drotations/src'
make[2]: Nothing to be done for 'am--depfiles'.
make[2]: Leaving directory '/data/AceTests/ammx2drotations/src'
config.status:1033: $? = 0

## ---------------------- ##
## Running config.status. ##
## ---------------------- ##

This file was extended by ammx2drotations config.status 0.1, which was
generated by GNU Autoconf 2.69.  Invocation command line was

  CONFIG_FILES    = 
  CONFIG_HEADERS  = 
  CONFIG_LINKS    = 
  CONFIG_COMMANDS = 
  $ ./config.status src/Makefile depfiles

on c7599c686834

config.status:779: creating src/Makefile
config.status:951: executing depfiles commands
config.status:1028: cd src       && sed -e '/# am--include-marker/d' Makefile         | make -f - am--depfiles
make[2]: Entering directory '/data/AceTests/ammx2drotations/src'
make[2]: Nothing to be done for 'am--depfiles'.
make[2]: Leaving directory '/data/AceTests/ammx2drotations/src'
config.status:1033: $? = 0

## ---------------------- ##
## Running config.status. ##
## ---------------------- ##

This file was extended by ammx2drotations config.status 0.1, which was
generated by GNU Autoconf 2.69.  Invocation command line was

  CONFIG_FILES    = 
  CONFIG_HEADERS  = 
  CONFIG_LINKS    = 
  CONFIG_COMMANDS = 
  $ ./config.status src/Makefile depfiles

on c7599c686834

config.status:779: creating src/Makefile
config.status:951: executing depfiles commands
config.status:1028: cd src       && sed -e '/# am--include-marker/d' Makefile         | make -f - am--depfiles
make[2]: Entering directory '/data/AceTests/ammx2drotations/src'
make[2]: Nothing to be done for 'am--depfiles'.
make[2]: Leaving directory '/data/AceTests/ammx2drotations/src'
config.status:1033: $? = 0

## ---------------------- ##
## Running config.status. ##
## ---------------------- ##

This file was extended by ammx2drotations config.status 0.1, which was
generated by GNU Autoconf 2.69.  Invocation command line was

  CONFIG_FILES    = 
  CONFIG_HEADERS  = 
  CONFIG_LINKS    = 
  CONFIG_COMMANDS = 
  $ ./config.status src/Makefile depfiles

on c7599c686834

config.status:779: creating src/Makefile
config.status:951: executing depfiles commands
config.status:1028: cd src       && sed -e '/# am--include-marker/d' Makefile         | make -f - am--depfiles
make[2]: Entering directory '/data/AceTests/ammx2drotations/src'
make[2]: Nothing to be done for 'am--depfiles'.
make[2]: Leaving directory '/data/AceTests/ammx2drotations/src'
config.status:1033: $? = 0

## ---------------------- ##
## Running config.status. ##
## ---------------------- ##

This file was extended by ammx2drotations config.status 0.1, which was
generated by GNU Autoconf 2.69.  Invocation command line was

  CONFIG_FILES    = 
  CONFIG_HEADERS  = 
  CONFIG_LINKS    = 
  CONFIG_COMMANDS = 
  $ ./config.status src/Makefile depfiles

on c7599c686834

config.status:779: creating src/Makefile
config.status:951: executing depfiles commands
config.status:1028: cd src       && sed -e '/# am--include-marker/d' Makefile         | make -f - am--depfiles
make[2]: Entering directory '/data/AceTests/ammx2drotations/src'
make[2]: Nothing to be done for 'am--depfiles'.
make[2]: Leaving directory '/data/AceTests/ammx2drotations/src'
config.status:1033: $? = 0

## ---------------------- ##
## Running config.status. ##
## ---------------------- ##

This file was extended by ammx2drotations config.status 0.1, which was
generated by GNU Autoconf 2.69.  Invocation command line was

  CONFIG_FILES    = 
  CONFIG_HEADERS  = 
  CONFIG_LINKS    = 
  CONFIG_COMMANDS = 
  $ ./config.status src/Makefile depfiles

on c7599c686834

config.status:779: creating src/Makefile
config.status:951: executing depfiles commands
config.status:1028: cd src       && sed -e '/# am--include-marker/d' Makefile         | make -f - am--depfiles
make[2]: Entering directory '/data/AceTests/ammx2drotations/src'
make[2]: Nothing to be done for 'am--depfiles'.
make[2]: Leaving directory '/data/AceTests/ammx2drotations/src'
config.status:1033: $? = 0

## ---------------------- ##
## Running config.status. ##
## ---------------------- ##

This file was extended by ammx2drotations config.status 0.1, which was
generated by GNU Autoconf 2.69.  Invocation command line was

  CONFIG_FILES    = 
  CONFIG_HEADERS  = 
  CONFIG_LINKS    = 
  CONFIG_COMMANDS = 
  $ ./config.status src/Makefile depfiles

on c7599c686834

config.status:779: creating src/Makefile
config.status:951: executing depfiles commands
config.status:1028: cd src       && sed -e '/# am--include-marker/d' Makefile         | make -f - am--depfiles
make[2]: Entering directory '/data/AceTests/ammx2drotations/src'
make[2]: Nothing to be done for 'am--depfiles'.
make[2]: Leaving directory '/data/AceTests/ammx2drotations/src'
config.status:1033: $? = 0

## ---------------------- ##
## Running config.status. ##
## ---------------------- ##

This file was extended by ammx2drotations config.status 0.1, which was
generated by GNU Autoconf 2.69.  Invocation command line was

  CONFIG_FILES    = 
  CONFIG_HEADERS  = 
  CONFIG_LINKS    = 
  CONFIG_COMMANDS = 
  $ ./config.status src/Makefile depfiles

on c7599c686834

config.status:779: creating src/Makefile
config.status:951: executing depfiles commands
config.status:1028: cd src       && sed -e '/# am--include-marker/d' Makefile         | make -f - am--depfiles
make[2]: Entering directory '/data/AceTests/ammx2drotations/src'
make[2]: Nothing to be done for 'am--depfiles'.
make[2]: Leaving directory '/data/AceTests/ammx2drotations/src'
config.status:1033: $? = 0

## ---------------------- ##
## Running config.status. ##
## ---------------------- ##

This file was extended by ammx2drotations config.status 0.1, which was
generated by GNU Autoconf 2.69.  Invocation command line was

  CONFIG_FILES    = 
  CONFIG_HEADERS  = 
  CONFIG_LINKS    = 
  CONFIG_COMMANDS = 
  $ ./config.status src/Makefile depfiles

on c7599c686834

config.status:779: creating src/Makefile
config.status:951: executing depfiles commands
config.status:1028: cd src       && sed -e '/# am--include-marker/d' Makefile         | make -f - am--depfiles
make[2]: Entering directory '/data/AceTests/ammx2drotations/src'
make[2]: Nothing to be done for 'am--depfiles'.
make[2]: Leaving directory '/data/AceTests/ammx2drotations/src'
config.status:1033: $? = 0

## ---------------------- ##
## Running config.status. ##
## ---------------------- ##

This file was extended by ammx2drotations config.status 0.1, which was
generated by GNU Autoconf 2.69.  Invocation command line was

  CONFIG_FILES    = 
  CONFIG_HEADERS  = 
  CONFIG_LINKS    = 
  CONFIG_COMMANDS = 
  $ ./config.status src/Makefile depfiles

on c7599c686834

config.status:779: creating src/Makefile
config.status:951: executing depfiles commands
config.status:1028: cd src       && sed -e '/# am--include-marker/d' Makefile         | make -f - am--depfiles
make[2]: Entering directory '/data/AceTests/ammx2drotations/src'
make[2]: Nothing to be done for 'am--depfiles'.
make[2]: Leaving directory '/data/AceTests/ammx2drotations/src'
config.status:1033: $? = 0

## ---------------------- ##
## Running config.status. ##
## ---------------------- ##

This file was extended by ammx2drotations config.status 0.1, which was
generated by GNU Autoconf 2.69.  Invocation command line was

  CONFIG_FILES    = 
  CONFIG_HEADERS  = 
  CONFIG_LINKS    = 
  CONFIG_COMMANDS = 
  $ ./config.status src/Makefile depfiles

on c7599c686834

config.status:779: creating src/Makefile
config.status:951: executing depfiles commands
config.status:1028: cd src       && sed -e '/# am--include-marker/d' Makefile         | make -f - am--depfiles
make[2]: Entering directory '/data/AceTests/ammx2drotations/src'
make[2]: Nothing to be done for 'am--depfiles'.
make[2]: Leaving directory '/data/AceTests/ammx2drotations/src'
config.status:1033: $? = 0

## ---------------------- ##
## Running config.status. ##
## ---------------------- ##

This file was extended by ammx2drotations config.status 0.1, which was
generated by GNU Autoconf 2.69.  Invocation command line was

  CONFIG_FILES    = 
  CONFIG_HEADERS  = 
  CONFIG_LINKS    = 
  CONFIG_COMMANDS = 
  $ ./config.status src/Makefile depfiles

on c7599c686834

config.status:779: creating src/Makefile
config.status:951: executing depfiles commands
config.status:1028: cd src       && sed -e '/# am--include-marker/d' Makefile         | make -f - am--depfiles
make[2]: Entering directory '/data/AceTests/ammx2drotations/src'
make[2]: Nothing to be done for 'am--depfiles'.
make[2]: Leaving directory '/data/AceTests/ammx2drotations/src'
config.status:1033: $? = 0

## ---------------------- ##
## Running config.status. ##
## ---------------------- ##

This file was extended by ammx2drotations config.status 0.1, which was
generated by GNU Autoconf 2.69.  Invocation command line was

  CONFIG_FILES    = 
  CONFIG_HEADERS  = 
  CONFIG_LINKS    = 
  CONFIG_COMMANDS = 
  $ ./config.status src/Makefile depfiles

on c7599c686834

config.status:779: creating src/Makefile
config.status:951: executing depfiles commands
config.status:1028: cd src       && sed -e '/# am--include-marker/d' Makefile         | make -f - am--depfiles
make[2]: Entering directory '/data/AceTests/ammx2drotations/src'
make[2]: Nothing to be done for 'am--depfiles'.
make[2]: Leaving directory '/data/AceTests/ammx2drotations/src'
config.status:1033: $? = 0

## ---------------------- ##
## Running config.status. ##
## ---------------------- ##

This file was extended by ammx2drotations config.status 0.1, which was
generated by GNU Autoconf 2.69.  Invocation command line was

  CONFIG_FILES    = 
  CONFIG_HEADERS  = 
  CONFIG_LINKS    = 
  CONFIG_COMMANDS = 
  $ ./config.status src/Makefile depfiles

on c7599c686834

config.status:779: creating src/Makefile
config.status:951: executing depfiles commands
config.status:1028: cd src       && sed -e '/# am--include-marker/d' Makefile         | make -f - am--depfiles
make[2]: Entering directory '/data/AceTests/ammx2drotations/src'
make[2]: Nothing to be done for 'am--depfiles'.
make[2]: Leaving directory '/data/AceTests/ammx2drotations/src'
config.status:1033: $? = 0

## ---------------------- ##
## Running config.status. ##
## ---------------------- ##

This file was extended by ammx2drotations config.status 0.1, which was
generated by GNU Autoconf 2.69.  Invocation command line was

  CONFIG_FILES    = 
  CONFIG_HEADERS  = 
  CONFIG_LINKS    = 
  CONFIG_COMMANDS = 
  $ ./config.status src/Makefile depfiles

on c7599c686834

config.status:779: creating src/Makefile
config.status:951: executing depfiles commands
config.status:1028: cd src       && sed -e '/# am--include-marker/d' Makefile         | make -f - am--depfiles
make[2]: Entering directory '/data/AceTests/ammx2drotations/src'
make[2]: Nothing to be done for 'am--depfiles'.
make[2]: Leaving directory '/data/AceTests/ammx2drotations/src'
config.status:1033: $? = 0

## ---------------------- ##
## Running config.status. ##
## ---------------------- ##

This file was extended by ammx2drotations config.status 0.1, which was
generated by GNU Autoconf 2.69.  Invocation command line was

  CONFIG_FILES    = 
  CONFIG_HEADERS  = 
  CONFIG_LINKS    = 
  CONFIG_COMMANDS = 
  $ ./config.status src/Makefile depfiles

on c7599c686834

config.status:779: creating src/Makefile
config.status:951: executing depfiles commands
config.status:1028: cd src       && sed -e '/# am--include-marker/d' Makefile         | make -f - am--depfiles
make[2]: Entering directory '/data/AceTests/ammx2drotations/src'
make[2]: Nothing to be done for 'am--depfiles'.
make[2]: Leaving directory '/data/AceTests/ammx2drotations/src'
config.status:1033: $? = 0
