Allocated FAST memory 0@0x2256c4, size 16 (/root/ACE/src/ace/managers/copper.c:136)
Allocated FAST memory 1@0x226214, size 8 (/root/ACE/src/ace/managers/copper.c:138)
Allocated FAST memory 2@0x226dec, size 8 (/root/ACE/src/ace/managers/copper.c:139)
Allocated FAST memory 3@0x22bf1c, size 4 (/root/ACE/src/ace/managers/state.c:30)
Allocated FAST memory 4@0x22ddc4, size 24 (/root/ACE/src/ace/managers/state.c:59)
Allocated FAST memory 5@0x22dde4, size 12 (/root/ACE/src/ace/utils/extview.c:16)
Allocated FAST memory 6@0x22ddfc, size 16 (/root/ACE/src/ace/managers/copper.c:136)
Allocated FAST memory 7@0x22de24, size 8 (/root/ACE/src/ace/managers/copper.c:138)
Allocated FAST memory 8@0x22de44, size 8 (/root/ACE/src/ace/managers/copper.c:139)
Allocated CHIP memory 9@0x15dbc, size 1424 (/root/ACE/src/ace/managers/copper.c:163)
Allocated CHIP memory 10@0x16354, size 1424 (/root/ACE/src/ace/managers/copper.c:168)
Allocated FAST memory 11@0x22df84, size 88 (/root/ACE/src/ace/utils/extview.c:145)
Allocated FAST memory 12@0x22dfe4, size 42 (/root/ACE/src/ace/managers/viewport/simplebuffer.c:119)
Allocated FAST memory 13@0x22e01c, size 40 (/root/ACE/src/ace/utils/bitmap.c:29)
Allocated CHIP memory 14@0x168ec, size 10240 (/root/ACE/src/ace/utils/bitmap.c:59)
Allocated CHIP memory 15@0x190f4, size 10240 (/root/ACE/src/ace/utils/bitmap.c:59)
Allocated CHIP memory 16@0x1b8fc, size 10240 (/root/ACE/src/ace/utils/bitmap.c:59)
Allocated CHIP memory 17@0x1e104, size 10240 (/root/ACE/src/ace/utils/bitmap.c:59)
Allocated CHIP memory 18@0x2090c, size 10240 (/root/ACE/src/ace/utils/bitmap.c:59)
Allocated FAST memory 19@0x23a534, size 36 (/root/ACE/src/ace/managers/viewport/camera.c:18)
freed memory 19@0x23a534, size 36 (/root/ACE/src/ace/managers/viewport/camera.c:36)
freed memory 14@0x168ec, size 10240 (/root/ACE/src/ace/utils/bitmap.c:354)
freed memory 15@0x190f4, size 10240 (/root/ACE/src/ace/utils/bitmap.c:354)
freed memory 16@0x1b8fc, size 10240 (/root/ACE/src/ace/utils/bitmap.c:354)
freed memory 17@0x1e104, size 10240 (/root/ACE/src/ace/utils/bitmap.c:354)
freed memory 18@0x2090c, size 10240 (/root/ACE/src/ace/utils/bitmap.c:354)
freed memory 13@0x22e01c, size 40 (/root/ACE/src/ace/utils/bitmap.c:356)
freed memory 12@0x22dfe4, size 42 (/root/ACE/src/ace/managers/viewport/simplebuffer.c:237)
freed memory 11@0x22df84, size 88 (/root/ACE/src/ace/utils/extview.c:257)
freed memory 9@0x15dbc, size 1424 (/root/ACE/src/ace/managers/copper.c:196)
freed memory 7@0x22de24, size 8 (/root/ACE/src/ace/managers/copper.c:198)
freed memory 10@0x16354, size 1424 (/root/ACE/src/ace/managers/copper.c:202)
freed memory 8@0x22de44, size 8 (/root/ACE/src/ace/managers/copper.c:204)
freed memory 6@0x22ddfc, size 16 (/root/ACE/src/ace/managers/copper.c:207)
freed memory 5@0x22dde4, size 12 (/root/ACE/src/ace/utils/extview.c:69)
freed memory 3@0x22bf1c, size 4 (/root/ACE/src/ace/managers/state.c:44)
freed memory 4@0x22ddc4, size 24 (/root/ACE/src/ace/managers/state.c:78)
freed memory 2@0x226dec, size 8 (/root/ACE/src/ace/managers/copper.c:198)
freed memory 1@0x226214, size 8 (/root/ACE/src/ace/managers/copper.c:204)
freed memory 0@0x2256c4, size 16 (/root/ACE/src/ace/managers/copper.c:207)

=============== MEMORY MANAGER DESTROY ==============
If something is deallocated past here, you're a wuss!
Peak usage: CHIP: 54048, FAST: 310
