Allocated FAST memory 0@0x225cbc, size 16 (/root/ACE/src/ace/managers/copper.c:136)
Allocated FAST memory 1@0x225e4c, size 8 (/root/ACE/src/ace/managers/copper.c:138)
Allocated FAST memory 2@0x226214, size 8 (/root/ACE/src/ace/managers/copper.c:139)
Allocated FAST memory 3@0x226454, size 4 (/root/ACE/src/ace/managers/state.c:30)
Allocated FAST memory 4@0x2266f4, size 24 (/root/ACE/src/ace/managers/state.c:59)
Allocated FAST memory 5@0x2282a4, size 12 (/root/ACE/src/ace/utils/extview.c:16)
Allocated FAST memory 6@0x2282bc, size 16 (/root/ACE/src/ace/managers/copper.c:136)
Allocated FAST memory 7@0x22bbcc, size 8 (/root/ACE/src/ace/managers/copper.c:138)
Allocated FAST memory 8@0x22bbec, size 8 (/root/ACE/src/ace/managers/copper.c:139)
Allocated FAST memory 9@0x22df54, size 88 (/root/ACE/src/ace/utils/extview.c:145)
Allocated FAST memory 10@0x22c0c4, size 42 (/root/ACE/src/ace/managers/viewport/simplebuffer.c:119)
Allocated FAST memory 11@0x22c114, size 40 (/root/ACE/src/ace/utils/bitmap.c:29)
Allocated CHIP memory 12@0x1fde4, size 10240 (/root/ACE/src/ace/utils/bitmap.c:59)
Allocated CHIP memory 13@0x225ec, size 10240 (/root/ACE/src/ace/utils/bitmap.c:59)
Allocated CHIP memory 14@0x24df4, size 10240 (/root/ACE/src/ace/utils/bitmap.c:59)
Allocated CHIP memory 15@0x275fc, size 10240 (/root/ACE/src/ace/utils/bitmap.c:59)
Allocated FAST memory 16@0x22de5c, size 36 (/root/ACE/src/ace/managers/viewport/camera.c:18)
Allocated FAST memory 17@0x22dfb4, size 20 (/root/ACE/src/ace/managers/copper.c:216)
Allocated FAST memory 18@0x22f704, size 52 (/root/ACE/src/ace/managers/copper.c:219)
Allocated CHIP memory 19@0x14af4, size 64 (/root/ACE/src/ace/managers/copper.c:326)
freed memory 16@0x22de5c, size 36 (/root/ACE/src/ace/managers/viewport/camera.c:36)
freed memory 18@0x22f704, size 52 (/root/ACE/src/ace/managers/copper.c:271)
freed memory 17@0x22dfb4, size 20 (/root/ACE/src/ace/managers/copper.c:272)
freed memory 12@0x1fde4, size 10240 (/root/ACE/src/ace/utils/bitmap.c:354)
freed memory 13@0x225ec, size 10240 (/root/ACE/src/ace/utils/bitmap.c:354)
freed memory 14@0x24df4, size 10240 (/root/ACE/src/ace/utils/bitmap.c:354)
freed memory 15@0x275fc, size 10240 (/root/ACE/src/ace/utils/bitmap.c:354)
freed memory 11@0x22c114, size 40 (/root/ACE/src/ace/utils/bitmap.c:356)
freed memory 10@0x22c0c4, size 42 (/root/ACE/src/ace/managers/viewport/simplebuffer.c:237)
freed memory 9@0x22df54, size 88 (/root/ACE/src/ace/utils/extview.c:257)
freed memory 19@0x14af4, size 64 (/root/ACE/src/ace/managers/copper.c:196)
freed memory 8@0x22bbec, size 8 (/root/ACE/src/ace/managers/copper.c:198)
freed memory 7@0x22bbcc, size 8 (/root/ACE/src/ace/managers/copper.c:204)
freed memory 6@0x2282bc, size 16 (/root/ACE/src/ace/managers/copper.c:207)
freed memory 5@0x2282a4, size 12 (/root/ACE/src/ace/utils/extview.c:69)
freed memory 3@0x226454, size 4 (/root/ACE/src/ace/managers/state.c:44)
freed memory 4@0x2266f4, size 24 (/root/ACE/src/ace/managers/state.c:78)
freed memory 2@0x226214, size 8 (/root/ACE/src/ace/managers/copper.c:198)
freed memory 1@0x225e4c, size 8 (/root/ACE/src/ace/managers/copper.c:204)
freed memory 0@0x225cbc, size 16 (/root/ACE/src/ace/managers/copper.c:207)

=============== MEMORY MANAGER DESTROY ==============
If something is deallocated past here, you're a wuss!
Peak usage: CHIP: 41024, FAST: 382
