Allocated FAST memory 0@0x223d1c, size 16 (/root/ACE/src/ace/managers/copper.c:136)
Allocated FAST memory 1@0x224624, size 8 (/root/ACE/src/ace/managers/copper.c:138)
Allocated FAST memory 2@0x22475c, size 8 (/root/ACE/src/ace/managers/copper.c:139)
Allocated FAST memory 3@0x22478c, size 16 (/root/ACE/src/ace/managers/game.c:31)
Allocated FAST memory 4@0x224874, size 12 (/root/ACE/src/ace/utils/extview.c:16)
Allocated FAST memory 5@0x22488c, size 16 (/root/ACE/src/ace/managers/copper.c:136)
Allocated FAST memory 6@0x2248c4, size 8 (/root/ACE/src/ace/managers/copper.c:138)
Allocated FAST memory 7@0x2248e4, size 8 (/root/ACE/src/ace/managers/copper.c:139)
Allocated CHIP memory 8@0x1fd44, size 4164 (/root/ACE/src/ace/managers/copper.c:163)
Allocated CHIP memory 9@0x20d94, size 4164 (/root/ACE/src/ace/managers/copper.c:168)
Allocated FAST memory 10@0x2249ec, size 88 (/root/ACE/src/ace/utils/extview.c:145)
Allocated FAST memory 11@0x224a4c, size 42 (/root/ACE/src/ace/managers/viewport/simplebuffer.c:115)
Allocated FAST memory 12@0x2249ac, size 40 (/root/ACE/src/ace/utils/bitmap.c:29)
Allocated CHIP memory 13@0x21de4, size 10240 (/root/ACE/src/ace/utils/bitmap.c:59)
Allocated CHIP memory 14@0x245ec, size 10240 (/root/ACE/src/ace/utils/bitmap.c:59)
Allocated CHIP memory 15@0x26df4, size 10240 (/root/ACE/src/ace/utils/bitmap.c:59)
Allocated CHIP memory 16@0x295fc, size 10240 (/root/ACE/src/ace/utils/bitmap.c:59)
Allocated FAST memory 17@0x224ad4, size 36 (/root/ACE/src/ace/managers/viewport/camera.c:18)
freed memory 17@0x224ad4, size 36 (/root/ACE/src/ace/managers/viewport/camera.c:36)
freed memory 13@0x21de4, size 10240 (/root/ACE/src/ace/utils/bitmap.c:353)
freed memory 14@0x245ec, size 10240 (/root/ACE/src/ace/utils/bitmap.c:353)
freed memory 15@0x26df4, size 10240 (/root/ACE/src/ace/utils/bitmap.c:353)
freed memory 16@0x295fc, size 10240 (/root/ACE/src/ace/utils/bitmap.c:353)
freed memory 12@0x2249ac, size 40 (/root/ACE/src/ace/utils/bitmap.c:355)
freed memory 11@0x224a4c, size 42 (/root/ACE/src/ace/managers/viewport/simplebuffer.c:232)
freed memory 10@0x2249ec, size 88 (/root/ACE/src/ace/utils/extview.c:257)
ERR: Right mem trashed: 9@0x20d94 (/root/ACE/src/ace/managers/copper.c:196)
freed memory 9@0x20d94, size 4164 (/root/ACE/src/ace/managers/copper.c:196)
freed memory 7@0x2248e4, size 8 (/root/ACE/src/ace/managers/copper.c:198)
freed memory 8@0x1fd44, size 4164 (/root/ACE/src/ace/managers/copper.c:202)
freed memory 6@0x2248c4, size 8 (/root/ACE/src/ace/managers/copper.c:204)
freed memory 5@0x22488c, size 16 (/root/ACE/src/ace/managers/copper.c:207)
freed memory 4@0x224874, size 12 (/root/ACE/src/ace/utils/extview.c:69)
freed memory 3@0x22478c, size 16 (/root/ACE/src/ace/managers/game.c:104)
freed memory 2@0x22475c, size 8 (/root/ACE/src/ace/managers/copper.c:198)
freed memory 1@0x224624, size 8 (/root/ACE/src/ace/managers/copper.c:204)
freed memory 0@0x223d1c, size 16 (/root/ACE/src/ace/managers/copper.c:207)

=============== MEMORY MANAGER DESTROY ==============
If something is deallocated past here, you're a wuss!
Peak usage: CHIP: 49288, FAST: 298
