Allocated FAST memory 0@0x21e7a4, size 16 (/root/ACE/src/ace/managers/copper.c:136)
Allocated FAST memory 1@0x21c2dc, size 8 (/root/ACE/src/ace/managers/copper.c:138)
Allocated FAST memory 2@0x21db4c, size 8 (/root/ACE/src/ace/managers/copper.c:139)
Allocated FAST memory 3@0x21ee34, size 4 (/root/ACE/src/ace/managers/state.c:30)
Allocated FAST memory 4@0x21fc44, size 24 (/root/ACE/src/ace/managers/state.c:59)
Allocated FAST memory 5@0x21fd74, size 12 (/root/ACE/src/ace/utils/extview.c:16)
Allocated FAST memory 6@0x22dc8c, size 16 (/root/ACE/src/ace/managers/copper.c:136)
Allocated FAST memory 7@0x22dca4, size 8 (/root/ACE/src/ace/managers/copper.c:138)
Allocated FAST memory 8@0x22dd84, size 8 (/root/ACE/src/ace/managers/copper.c:139)
Allocated CHIP memory 9@0xc9c14, size 1424 (/root/ACE/src/ace/managers/copper.c:163)
Allocated CHIP memory 10@0xca1ac, size 1424 (/root/ACE/src/ace/managers/copper.c:168)
Allocated FAST memory 11@0x23daf4, size 88 (/root/ACE/src/ace/utils/extview.c:145)
Allocated FAST memory 12@0x23db54, size 42 (/root/ACE/src/ace/managers/viewport/simplebuffer.c:119)
Allocated FAST memory 13@0x23db8c, size 40 (/root/ACE/src/ace/utils/bitmap.c:29)
Allocated CHIP memory 14@0xca744, size 10240 (/root/ACE/src/ace/utils/bitmap.c:59)
Allocated CHIP memory 15@0xccf4c, size 10240 (/root/ACE/src/ace/utils/bitmap.c:59)
Allocated CHIP memory 16@0xcf754, size 10240 (/root/ACE/src/ace/utils/bitmap.c:59)
Allocated CHIP memory 17@0xd1f5c, size 10240 (/root/ACE/src/ace/utils/bitmap.c:59)
Allocated CHIP memory 18@0xd4764, size 10240 (/root/ACE/src/ace/utils/bitmap.c:59)
Allocated FAST memory 19@0x23dbbc, size 36 (/root/ACE/src/ace/managers/viewport/camera.c:18)
