Allocated FAST memory 0@0x222f04, size 16 (/root/ACE/src/ace/managers/copper.c:136)
Allocated FAST memory 1@0x223834, size 8 (/root/ACE/src/ace/managers/copper.c:138)
Allocated FAST memory 2@0x223b7c, size 8 (/root/ACE/src/ace/managers/copper.c:139)
Allocated FAST memory 3@0x223d84, size 16 (/root/ACE/src/ace/managers/game.c:31)
Allocated FAST memory 4@0x223eec, size 12 (/root/ACE/src/ace/utils/extview.c:16)
Allocated FAST memory 5@0x223f04, size 16 (/root/ACE/src/ace/managers/copper.c:136)
Allocated FAST memory 6@0x223f64, size 8 (/root/ACE/src/ace/managers/copper.c:138)
Allocated FAST memory 7@0x223f84, size 8 (/root/ACE/src/ace/managers/copper.c:139)
Allocated CHIP memory 8@0x14a74, size 428 (/root/ACE/src/ace/managers/copper.c:163)
Allocated CHIP memory 9@0x15d3c, size 428 (/root/ACE/src/ace/managers/copper.c:168)
Allocated FAST memory 10@0x224074, size 88 (/root/ACE/src/ace/utils/extview.c:145)
Allocated FAST memory 11@0x2240d4, size 42 (/root/ACE/src/ace/managers/viewport/simplebuffer.c:115)
Allocated FAST memory 12@0x224034, size 40 (/root/ACE/src/ace/utils/bitmap.c:29)
Allocated CHIP memory 13@0x15ef4, size 10240 (/root/ACE/src/ace/utils/bitmap.c:59)
Allocated FAST memory 14@0x22411c, size 40 (/root/ACE/src/ace/utils/bitmap.c:29)
Allocated CHIP memory 15@0x186fc, size 10240 (/root/ACE/src/ace/utils/bitmap.c:59)
Allocated FAST memory 16@0x22416c, size 36 (/root/ACE/src/ace/managers/viewport/camera.c:18)
freed memory 16@0x22416c, size 36 (/root/ACE/src/ace/managers/viewport/camera.c:36)
freed memory 15@0x186fc, size 10240 (/root/ACE/src/ace/utils/bitmap.c:354)
freed memory 14@0x22411c, size 40 (/root/ACE/src/ace/utils/bitmap.c:356)
freed memory 13@0x15ef4, size 10240 (/root/ACE/src/ace/utils/bitmap.c:354)
freed memory 12@0x224034, size 40 (/root/ACE/src/ace/utils/bitmap.c:356)
freed memory 11@0x2240d4, size 42 (/root/ACE/src/ace/managers/viewport/simplebuffer.c:232)
freed memory 10@0x224074, size 88 (/root/ACE/src/ace/utils/extview.c:257)
freed memory 9@0x15d3c, size 428 (/root/ACE/src/ace/managers/copper.c:196)
freed memory 7@0x223f84, size 8 (/root/ACE/src/ace/managers/copper.c:198)
freed memory 8@0x14a74, size 428 (/root/ACE/src/ace/managers/copper.c:202)
freed memory 6@0x223f64, size 8 (/root/ACE/src/ace/managers/copper.c:204)
freed memory 5@0x223f04, size 16 (/root/ACE/src/ace/managers/copper.c:207)
freed memory 4@0x223eec, size 12 (/root/ACE/src/ace/utils/extview.c:69)
freed memory 3@0x223d84, size 16 (/root/ACE/src/ace/managers/game.c:104)
freed memory 2@0x223b7c, size 8 (/root/ACE/src/ace/managers/copper.c:198)
freed memory 1@0x223834, size 8 (/root/ACE/src/ace/managers/copper.c:204)
freed memory 0@0x222f04, size 16 (/root/ACE/src/ace/managers/copper.c:207)

=============== MEMORY MANAGER DESTROY ==============
If something is deallocated past here, you're a wuss!
Peak usage: CHIP: 21336, FAST: 338
