Allocated FAST memory 0@0x2262a4, size 16 (/root/ACE/src/ace/managers/copper.c:136)
Allocated FAST memory 1@0x22aee4, size 8 (/root/ACE/src/ace/managers/copper.c:138)
Allocated FAST memory 2@0x22bf4c, size 8 (/root/ACE/src/ace/managers/copper.c:139)
Allocated FAST memory 3@0x22bf6c, size 4 (/root/ACE/src/ace/managers/state.c:30)
Allocated FAST memory 4@0x22d3e4, size 24 (/root/ACE/src/ace/managers/state.c:59)
Allocated FAST memory 5@0x22d404, size 12 (/root/ACE/src/ace/utils/extview.c:16)
Allocated FAST memory 6@0x22d41c, size 16 (/root/ACE/src/ace/managers/copper.c:136)
Allocated FAST memory 7@0x22d434, size 8 (/root/ACE/src/ace/managers/copper.c:138)
Allocated FAST memory 8@0x22d454, size 8 (/root/ACE/src/ace/managers/copper.c:139)
Allocated CHIP memory 9@0x53e54, size 848 (/root/ACE/src/ace/managers/copper.c:163)
Allocated CHIP memory 10@0x541ac, size 848 (/root/ACE/src/ace/managers/copper.c:168)
Allocated FAST memory 11@0x22d52c, size 88 (/root/ACE/src/ace/utils/extview.c:145)
Allocated FAST memory 12@0x22d58c, size 42 (simplebuffertest.c:120)
Allocated FAST memory 13@0x22d5c4, size 40 (/root/ACE/src/ace/utils/bitmap.c:29)
Allocated CHIP memory 14@0x54504, size 12288 (/root/ACE/src/ace/utils/bitmap.c:59)
Allocated CHIP memory 15@0x5750c, size 12288 (/root/ACE/src/ace/utils/bitmap.c:59)
Allocated CHIP memory 16@0x5a514, size 12288 (/root/ACE/src/ace/utils/bitmap.c:59)
Allocated CHIP memory 17@0x60a44, size 12288 (/root/ACE/src/ace/utils/bitmap.c:59)
Allocated FAST memory 18@0x22d624, size 36 (/root/ACE/src/ace/managers/viewport/camera.c:18)
ERR: Right mem trashed: 10@0x541ac (/root/ACE/src/ace/managers/viewport/camera.c:36)
ERR: Right mem trashed: 9@0x53e54 (/root/ACE/src/ace/managers/viewport/camera.c:36)
freed memory 18@0x22d624, size 36 (/root/ACE/src/ace/managers/viewport/camera.c:36)
ERR: Right mem trashed: 10@0x541ac (/root/ACE/src/ace/utils/bitmap.c:354)
ERR: Right mem trashed: 9@0x53e54 (/root/ACE/src/ace/utils/bitmap.c:354)
freed memory 14@0x54504, size 12288 (/root/ACE/src/ace/utils/bitmap.c:354)
ERR: Right mem trashed: 10@0x541ac (/root/ACE/src/ace/utils/bitmap.c:354)
ERR: Right mem trashed: 9@0x53e54 (/root/ACE/src/ace/utils/bitmap.c:354)
freed memory 15@0x5750c, size 12288 (/root/ACE/src/ace/utils/bitmap.c:354)
ERR: Right mem trashed: 10@0x541ac (/root/ACE/src/ace/utils/bitmap.c:354)
ERR: Right mem trashed: 9@0x53e54 (/root/ACE/src/ace/utils/bitmap.c:354)
freed memory 16@0x5a514, size 12288 (/root/ACE/src/ace/utils/bitmap.c:354)
ERR: Right mem trashed: 10@0x541ac (/root/ACE/src/ace/utils/bitmap.c:354)
ERR: Right mem trashed: 9@0x53e54 (/root/ACE/src/ace/utils/bitmap.c:354)
freed memory 17@0x60a44, size 12288 (/root/ACE/src/ace/utils/bitmap.c:354)
ERR: Right mem trashed: 10@0x541ac (/root/ACE/src/ace/utils/bitmap.c:356)
ERR: Right mem trashed: 9@0x53e54 (/root/ACE/src/ace/utils/bitmap.c:356)
freed memory 13@0x22d5c4, size 40 (/root/ACE/src/ace/utils/bitmap.c:356)
ERR: Right mem trashed: 10@0x541ac (simplebuffertest.c:238)
ERR: Right mem trashed: 9@0x53e54 (simplebuffertest.c:238)
freed memory 12@0x22d58c, size 42 (simplebuffertest.c:238)
ERR: Right mem trashed: 10@0x541ac (/root/ACE/src/ace/utils/extview.c:257)
ERR: Right mem trashed: 9@0x53e54 (/root/ACE/src/ace/utils/extview.c:257)
freed memory 11@0x22d52c, size 88 (/root/ACE/src/ace/utils/extview.c:257)
ERR: Right mem trashed: 10@0x541ac (/root/ACE/src/ace/managers/copper.c:196)
ERR: Right mem trashed: 9@0x53e54 (/root/ACE/src/ace/managers/copper.c:196)
freed memory 10@0x541ac, size 848 (/root/ACE/src/ace/managers/copper.c:196)
ERR: Right mem trashed: 9@0x53e54 (/root/ACE/src/ace/managers/copper.c:198)
freed memory 8@0x22d454, size 8 (/root/ACE/src/ace/managers/copper.c:198)
ERR: Right mem trashed: 9@0x53e54 (/root/ACE/src/ace/managers/copper.c:202)
freed memory 9@0x53e54, size 848 (/root/ACE/src/ace/managers/copper.c:202)
freed memory 7@0x22d434, size 8 (/root/ACE/src/ace/managers/copper.c:204)
freed memory 6@0x22d41c, size 16 (/root/ACE/src/ace/managers/copper.c:207)
freed memory 5@0x22d404, size 12 (/root/ACE/src/ace/utils/extview.c:69)
freed memory 3@0x22bf6c, size 4 (/root/ACE/src/ace/managers/state.c:44)
freed memory 4@0x22d3e4, size 24 (/root/ACE/src/ace/managers/state.c:78)
freed memory 2@0x22bf4c, size 8 (/root/ACE/src/ace/managers/copper.c:198)
freed memory 1@0x22aee4, size 8 (/root/ACE/src/ace/managers/copper.c:204)
freed memory 0@0x2262a4, size 16 (/root/ACE/src/ace/managers/copper.c:207)

=============== MEMORY MANAGER DESTROY ==============
If something is deallocated past here, you're a wuss!
Peak usage: CHIP: 50848, FAST: 310
