Block begin: blitManagerCreate...OK, time:  60.8 us
Block begin: copCreate()
	Block begin: copListCreate()
		Addr: 0x2269f4
		BLOCK mode
	Block end: copListCreate(), time:  13.608 ms
Block end: copCreate(), time: 278.4 us
Hello, Amiga!
Block begin: keyCreate()...OK, time:  54.4 us
Block begin: stateManagerCreate()...OK, time:   2.686 ms
Block begin: stateCreate(cbCreate: 0x273028, cbLoop: 0x27387e, cbDestroy: 0x2741f2, cbSuspend: 0, cbResume: 0, pPrev: 0)...OK, time:   2.619 ms
Block begin: stateChange(pStateManager: 0x228304, pState: 0x22aee4)
	Block begin: viewCreate(pTags: 0)
		addr: 0x22bc1c
		Block begin: copListCreate()
			Addr: 0x22bda4
			RAW mode, size: 217 + WAIT(0xFFFF)
		Block end: copListCreate(), time: >7min
		Global CLUT mode enabled
	Block end: viewCreate(), time:   1.146 ms
	Block begin: vPortCreate(pTagList: 0)
		Addr: 0x22bf1c
		Parent view: 0x22bc1c
		Offsets: 0x0
		Dimensions: 320x256@5
		No prev VPorts - added to head
	Block end: vPortCreate(), time: >7min
	Block begin: simpleBufferTestCreate(pTags: 0, ...)
		Addr: 0x22be74
		Parent VPort: 0x22bf1c
		Bounds: 384x256
		Block begin: bitmapCreate(uwWidth: 384, uwHeight: 256, ubDepth: 5, ubFlags: 1)
			addr: 0x22bf7c
		Block end: bitmapCreate(), time:  13.785 ms
		Block begin: cameraCreate(pVPort: 0x22bf1c, uwPosX: 0, uwPosY: 0, uwMaxX: 384, uwMaxY: 256, isDblBfr: 0)
			Addr: 0x22c0f4
			Resetting camera bounds...
			Block begin: cameraReset(pManager: 0x22c0f4, uwStartX: 0, uwStartY: 0, uwWidth: 384, uwHeight: 256, isDblBfr: 0)
				Camera max coord: 64,0
			Block end: cameraReset(), time:   6.784 ms
			Attaching camera to VPort...
			Manager 0x22c0f4 attached to head of VP 0x22bf1c
		Block end: cameraCreate(), time: >7min
		Copperlist offset: 0
		Block begin: simpleBufferTestSetFront(pManager: 0x22be74, pFront: 0x22bf7c, isScrollX: 0)
			Modulo: 8
		Block end: simplebufferTestSetFront(), time:   3.959 ms
		Manager 0x22be74 attached after manager 0x22c0f4 of VP 0x22bf1c
	Block end: simpleBufferTestCreate(), time:   6.034 ms
	setting wait for row 252
	setting copperlist last row with wait 254 (0) 
	setting wait for row 255
	setting special wait to go under 255 (1) 
	setting copperlist last row with wait 257 (3) 
	setting wait for row 258
	setting copperlist last row with wait 260 (6) 
	setting wait for row 261
	setting copperlist last row with wait 263 (9) 
	setting wait for row 264
	setting copperlist last row with wait 266 (12) 
	setting wait for row 267
	setting copperlist last row with wait 269 (15) 
	setting wait for row 270
	setting copperlist last row with wait 272 (18) 
	setting wait for row 273
	setting copperlist last row with wait 275 (21) 
	setting wait for row 276
	setting copperlist last row with wait 278 (24) 
	setting wait for row 279
	setting copperlist last row with wait 281 (27) 
	setting wait for row 282
	setting palette change for border at 10 
	setting copperlist last row with wait 284 (30) 
	setting wait for row 285
	setting palette change for back at 11 
	setting copperlist last row with wait 287 (33) 
	setting wait for row 288
	setting copperlist last row with wait 290 (36) 
	setting wait for row 291
	setting copperlist last row with wait 293 (39) 
	setting wait for row 294
	setting copperlist last row with wait 296 (42) 
	setting wait for row 297
	setting copperlist last row with wait 299 (45) 
	Block begin: bitmapCreate(uwWidth: 768, uwHeight: 256, ubDepth: 1, ubFlags: 1)
		addr: 0x22d3a4
	Block end: bitmapCreate(), time: >7min
	Block begin: bitmapCreate(uwWidth: 768, uwHeight: 256, ubDepth: 1, ubFlags: 1)
		addr: 0x22d3d4
	Block end: bitmapCreate(), time: >7min
	Block begin: viewLoad(pView: 0x22bc1c)...OK, time: >7min
Block end: stateChange(), time: 436.417 ms
UpdateCamera2 input 1
UpdateCamera2 shift  255
UpdateCamera2 Velocity: 1
UpdateCamera2 Velocity: 1
Caso con fetch modificato a 30
pscrollflags set to 0
abs - Here i should be moving the first chunk and in am not doing it!!!!!
pscrollflags set to 0
pscrollflags set to 0
pscrollflags set to 0
pscrollflags set to 0
pscrollflags set to 0
pscrollflags set to 1
pscrollflags set to 1
pscrollflags set to 1
pscrollflags set to 1
pscrollflags set to 1
pscrollflags set to 1
pscrollflags set to 1
pscrollflags set to 1
pscrollflags set to 1
pscrollflags set to 1
UpdateCamera2 input 2
UpdateCamera2 shift  238
UpdateCamera2 Velocity: 1
UpdateCamera2 Velocity: 1
Caso con fetch modificato a 30
pscrollflags set to 0
abs - Here i should be moving the first chunk and in am not doing it!!!!!
pscrollflags set to 0
pscrollflags set to 0
pscrollflags set to 1
pscrollflags set to 1
pscrollflags set to 1
pscrollflags set to 1
pscrollflags set to 1
pscrollflags set to 1
pscrollflags set to 2
pscrollflags set to 2
pscrollflags set to 2
pscrollflags set to 2
pscrollflags set to 2
pscrollflags set to 1
pscrollflags set to 1
UpdateCamera2 input 3
UpdateCamera2 shift  221
UpdateCamera2 Velocity: 1
UpdateCamera2 Velocity: 1
Caso con fetch modificato a 30
pscrollflags set to 0
abs - Here i should be moving the first chunk and in am not doing it!!!!!
pscrollflags set to 0
pscrollflags set to 1
pscrollflags set to 1
pscrollflags set to 1
pscrollflags set to 1
pscrollflags set to 2
pscrollflags set to 2
pscrollflags set to 2
pscrollflags set to 2
pscrollflags set to 3
pscrollflags set to 3
pscrollflags set to 3
pscrollflags set to 2
pscrollflags set to 2
pscrollflags set to 2
UpdateCamera2 input 4
UpdateCamera2 shift  204
UpdateCamera2 Velocity: 1
UpdateCamera2 Velocity: 1
Caso con fetch modificato a 30
pscrollflags set to 0
abs - Here i should be moving the first chunk and in am not doing it!!!!!
pscrollflags set to 0
pscrollflags set to 1
pscrollflags set to 1
pscrollflags set to 1
pscrollflags set to 2
pscrollflags set to 2
pscrollflags set to 3
pscrollflags set to 3
pscrollflags set to 3
pscrollflags set to 4
pscrollflags set to 4
pscrollflags set to 4
pscrollflags set to 3
pscrollflags set to 3
pscrollflags set to 3
UpdateCamera2 input 5
UpdateCamera2 shift  187
UpdateCamera2 Velocity: 1
UpdateCamera2 Velocity: 1
Caso con fetch modificato a 30
pscrollflags set to 0
abs - Here i should be moving the first chunk and in am not doing it!!!!!
pscrollflags set to 0
pscrollflags set to 1
pscrollflags set to 1
pscrollflags set to 2
pscrollflags set to 2
pscrollflags set to 3
pscrollflags set to 3
pscrollflags set to 4
pscrollflags set to 4
pscrollflags set to 5
pscrollflags set to 5
pscrollflags set to 5
pscrollflags set to 4
pscrollflags set to 4
pscrollflags set to 3
Block begin: stateManagerDestroy(pStateManager: 0x228304)
	Block begin: statePopAll(pStateManager: 0x228304)
		Block begin: bitmapDestroy(pBitMap: 0x22d3a4)...OK, time: >7min
		Block begin: bitmapDestroy(pBitMap: 0x22d3d4)...OK, time: >7min
		Block begin: viewDestroy(pView: 0x22bc1c)
			Block begin: viewLoad(pView: 0)...OK, time:  10.007 ms
			Block begin: vPortDestroy(pVPort: 0x22bf1c)
				Parent extView: 0x22bc1c
				found VP: 0x22bf1c... gotcha!
				Block begin: Destroying managers
					Destroying manager 128 @addr: 0x22c0f4
					cameraManagerDestroy...OK! 
					Destroying manager 0 @addr: 0x22be74
					Block begin: simpleBufferTestDestroy()
						Block begin: bitmapDestroy(pBitMap: 0x22bf7c)...OK, time:  18.218 ms
					Block end: simpleBufferTestDestroy(), time: >7min
				Block end: Destroying managers, time:   8.272 ms
			Block end: vPortDestroy(), time:  12.077 ms
			Freeing copperlists...
			Block begin: copListDestroy(pCopList: 0x22bda4)...OK, time: >7min
		Block end: viewDestroy(), time:   1.881 ms
	Block end: statePopAll(), time:   6.322 ms
Block end: stateManagerDestroy(), time:  12.296 ms
Block begin: stateDestroy(pState: 0x22aee4)...OK, time: >7min
Block begin: keyDestroy()...OK, time:  54.4 us
Goodbye, Amiga!
Block begin: copDestroy()
	Block begin: copListDestroy(pCopList: 0x2269f4)...OK, time:   7.187 ms
Block end: copDestroy(), time: >7min
Block begin: blitManagerDestroy...OK, time:  60.4 us
Log closed successfully