Allocated FAST memory 0@0x2269f4, size 16 (/root/ACE/src/ace/managers/copper.c:136)
Allocated FAST memory 1@0x226a54, size 8 (/root/ACE/src/ace/managers/copper.c:138)
Allocated FAST memory 2@0x2282e4, size 8 (/root/ACE/src/ace/managers/copper.c:139)
Allocated FAST memory 3@0x228304, size 4 (/root/ACE/src/ace/managers/state.c:30)
Allocated FAST memory 4@0x22aee4, size 24 (/root/ACE/src/ace/managers/state.c:59)
Allocated FAST memory 5@0x22bc1c, size 12 (/root/ACE/src/ace/utils/extview.c:16)
Allocated FAST memory 6@0x22bda4, size 16 (/root/ACE/src/ace/managers/copper.c:136)
Allocated FAST memory 7@0x22bdcc, size 8 (/root/ACE/src/ace/managers/copper.c:138)
Allocated FAST memory 8@0x22bdec, size 8 (/root/ACE/src/ace/managers/copper.c:139)
Allocated CHIP memory 9@0x53f54, size 872 (/root/ACE/src/ace/managers/copper.c:163)
Allocated CHIP memory 10@0x542c4, size 872 (/root/ACE/src/ace/managers/copper.c:168)
Allocated FAST memory 11@0x22bf1c, size 88 (/root/ACE/src/ace/utils/extview.c:145)
Allocated FAST memory 12@0x22be74, size 42 (simplebuffertest.c:120)
Allocated FAST memory 13@0x22bf7c, size 40 (/root/ACE/src/ace/utils/bitmap.c:29)
Allocated CHIP memory 14@0x54634, size 12288 (/root/ACE/src/ace/utils/bitmap.c:59)
Allocated CHIP memory 15@0x5763c, size 12288 (/root/ACE/src/ace/utils/bitmap.c:59)
Allocated CHIP memory 16@0x5a644, size 12288 (/root/ACE/src/ace/utils/bitmap.c:59)
Allocated CHIP memory 17@0x5d64c, size 12288 (/root/ACE/src/ace/utils/bitmap.c:59)
Allocated CHIP memory 18@0x60654, size 12288 (/root/ACE/src/ace/utils/bitmap.c:59)
Allocated FAST memory 19@0x22c0f4, size 36 (/root/ACE/src/ace/managers/viewport/camera.c:18)
Allocated FAST memory 20@0x22d3a4, size 40 (/root/ACE/src/ace/utils/bitmap.c:29)
Allocated CHIP memory 21@0x6365c, size 24576 (/root/ACE/src/ace/utils/bitmap.c:59)
Allocated FAST memory 22@0x22d3d4, size 40 (/root/ACE/src/ace/utils/bitmap.c:29)
Allocated CHIP memory 23@0x69664, size 24576 (/root/ACE/src/ace/utils/bitmap.c:59)
freed memory 21@0x6365c, size 24576 (/root/ACE/src/ace/utils/bitmap.c:354)
freed memory 20@0x22d3a4, size 40 (/root/ACE/src/ace/utils/bitmap.c:356)
freed memory 23@0x69664, size 24576 (/root/ACE/src/ace/utils/bitmap.c:354)
freed memory 22@0x22d3d4, size 40 (/root/ACE/src/ace/utils/bitmap.c:356)
freed memory 19@0x22c0f4, size 36 (/root/ACE/src/ace/managers/viewport/camera.c:36)
freed memory 14@0x54634, size 12288 (/root/ACE/src/ace/utils/bitmap.c:354)
freed memory 15@0x5763c, size 12288 (/root/ACE/src/ace/utils/bitmap.c:354)
freed memory 16@0x5a644, size 12288 (/root/ACE/src/ace/utils/bitmap.c:354)
freed memory 17@0x5d64c, size 12288 (/root/ACE/src/ace/utils/bitmap.c:354)
freed memory 18@0x60654, size 12288 (/root/ACE/src/ace/utils/bitmap.c:354)
freed memory 13@0x22bf7c, size 40 (/root/ACE/src/ace/utils/bitmap.c:356)
freed memory 12@0x22be74, size 42 (simplebuffertest.c:238)
freed memory 11@0x22bf1c, size 88 (/root/ACE/src/ace/utils/extview.c:257)
freed memory 9@0x53f54, size 872 (/root/ACE/src/ace/managers/copper.c:196)
freed memory 7@0x22bdcc, size 8 (/root/ACE/src/ace/managers/copper.c:198)
freed memory 10@0x542c4, size 872 (/root/ACE/src/ace/managers/copper.c:202)
freed memory 8@0x22bdec, size 8 (/root/ACE/src/ace/managers/copper.c:204)
freed memory 6@0x22bda4, size 16 (/root/ACE/src/ace/managers/copper.c:207)
freed memory 5@0x22bc1c, size 12 (/root/ACE/src/ace/utils/extview.c:69)
freed memory 3@0x228304, size 4 (/root/ACE/src/ace/managers/state.c:44)
freed memory 4@0x22aee4, size 24 (/root/ACE/src/ace/managers/state.c:78)
freed memory 2@0x2282e4, size 8 (/root/ACE/src/ace/managers/copper.c:198)
freed memory 1@0x226a54, size 8 (/root/ACE/src/ace/managers/copper.c:204)
freed memory 0@0x2269f4, size 16 (/root/ACE/src/ace/managers/copper.c:207)

=============== MEMORY MANAGER DESTROY ==============
If something is deallocated past here, you're a wuss!
Peak usage: CHIP: 112336, FAST: 390
