Allocated FAST memory 0@0x21e7a4, size 16 (/root/ACE/src/ace/managers/copper.c:136)
Allocated FAST memory 1@0x21c2dc, size 8 (/root/ACE/src/ace/managers/copper.c:138)
Allocated FAST memory 2@0x21db4c, size 8 (/root/ACE/src/ace/managers/copper.c:139)
Allocated FAST memory 3@0x21ee34, size 4 (/root/ACE/src/ace/managers/state.c:30)
Allocated FAST memory 4@0x21fd74, size 24 (/root/ACE/src/ace/managers/state.c:59)
Allocated FAST memory 5@0x22579c, size 12 (/root/ACE/src/ace/utils/extview.c:16)
Allocated FAST memory 6@0x22dc9c, size 16 (/root/ACE/src/ace/managers/copper.c:136)
Allocated FAST memory 7@0x22dd84, size 8 (/root/ACE/src/ace/managers/copper.c:138)
Allocated FAST memory 8@0x22deb4, size 8 (/root/ACE/src/ace/managers/copper.c:139)
Allocated CHIP memory 9@0x15dbc, size 428 (/root/ACE/src/ace/managers/copper.c:163)
Allocated CHIP memory 10@0x15f74, size 428 (/root/ACE/src/ace/managers/copper.c:168)
Allocated FAST memory 11@0x23daf4, size 88 (/root/ACE/src/ace/utils/extview.c:145)
Allocated FAST memory 12@0x23db54, size 42 (/root/ACE/src/ace/managers/viewport/simplebuffer.c:119)
Allocated FAST memory 13@0x23db8c, size 40 (/root/ACE/src/ace/utils/bitmap.c:29)
Allocated CHIP memory 14@0x1612c, size 10880 (/root/ACE/src/ace/utils/bitmap.c:59)
Allocated FAST memory 15@0x23dbbc, size 36 (/root/ACE/src/ace/managers/viewport/camera.c:18)
Allocated FAST memory 16@0x23c3fc, size 14 (/root/ACE/src/ace/utils/font.c:71)
Allocated FAST memory 17@0x23dbec, size 254 (/root/ACE/src/ace/utils/font.c:88)
Allocated FAST memory 18@0x23e634, size 40 (/root/ACE/src/ace/utils/bitmap.c:29)
Allocated CHIP memory 19@0x18bb4, size 336 (/root/ACE/src/ace/utils/bitmap.c:59)
Allocated FAST memory 20@0x23dcf4, size 8 (/root/ACE/src/ace/utils/font.c:125)
Allocated FAST memory 21@0x23e664, size 40 (/root/ACE/src/ace/utils/bitmap.c:29)
Allocated CHIP memory 22@0x18d0c, size 224 (/root/ACE/src/ace/utils/bitmap.c:59)
Allocated FAST memory 23@0x23e6b4, size 40 (/root/ACE/src/ace/utils/bitmap.c:29)
Allocated CHIP memory 24@0x18df4, size 10880 (/root/ACE/src/ace/utils/bitmap.c:59)
