Block begin: blitManagerCreate...OK, time:  60.0 us
Block begin: copCreate()
	Block begin: copListCreate()
		Addr: 0x228354
		BLOCK mode
	Block end: copListCreate(), time: >7min
Block end: copCreate(), time:   2.818 ms
Hello, Amiga!
Block begin: keyCreate()...OK, time:  53.6 us
Block begin: stateManagerCreate()...OK, time:   2.684 ms
Block begin: stateCreate(cbCreate: 0x275c74, cbLoop: 0x275e7e, cbDestroy: 0x27636e, cbSuspend: 0, cbResume: 0, pPrev: 0)...OK, time: >7min
Block begin: statePush(pStateManager: 0x23d34c, pState: 0x23d484)
	Block begin: viewCreate(pTags: 0)
		addr: 0x23d3bc
		Block begin: copListCreate()
			Addr: 0x26bee4
			RAW mode, size: 14 + WAIT(0xFFFF)
		Block end: copListCreate(), time: >7min
		Global CLUT mode enabled
	Block end: viewCreate(), time: >7min
	Block begin: vPortCreate(pTagList: 0)
		Addr: 0x26bf5c
		Parent view: 0x23d3bc
		Offsets: 0x0
		Dimensions: 320x256@1
		No prev VPorts - added to head
	Block end: vPortCreate(), time: >7min
	Block begin: simpleBufferCreate(pTags: 0, ...)
		Addr: 0x26bfec
		Parent VPort: 0x26bf5c
		Bounds: 320x256
		Block begin: bitmapCreate(uwWidth: 320, uwHeight: 256, ubDepth: 1, ubFlags: 1)
			addr: 0x26c024
		Block end: bitmapCreate(), time: >7min
		Block begin: bitmapCreate(uwWidth: 320, uwHeight: 256, ubDepth: 1, ubFlags: 1)
			addr: 0x26c074
		Block end: bitmapCreate(), time: >7min
		Block begin: cameraCreate(pVPort: 0x26bf5c, uwPosX: 0, uwPosY: 0, uwMaxX: 320, uwMaxY: 256, isDblBfr: 1)
			Addr: 0x26c0c4
			Resetting camera bounds...
			Block begin: cameraReset(pManager: 0x26c0c4, uwStartX: 0, uwStartY: 0, uwWidth: 320, uwHeight: 256, isDblBfr: 1)
				Camera max coord: 0,0
			Block end: cameraReset(), time:   4.612 ms
			Attaching camera to VPort...
			Manager 0x26c0c4 attached to head of VP 0x26bf5c
		Block end: cameraCreate(), time: >7min
		Copperlist offset: 0
		Block begin: simpleBufferSetFront(pManager: 0x26bfec, pFront: 0x26c024)
			Modulo: 0
			Setting copperlist 0x26bf1c at offs 0
		Block end: simplebufferSetFront(), time:   8.058 ms
		Manager 0x26bfec attached after manager 0x26c0c4 of VP 0x26bf5c
	Block end: simpleBufferCreate(), time:   4.296 ms
	Block begin: viewLoad(pView: 0x23d3bc)...OK, time: >7min
Block end: statePush(), time: >7min
Block begin: stateManagerDestroy(pStateManager: 0x23d34c)
	Block begin: statePopAll(pStateManager: 0x23d34c)
		Block begin: viewDestroy(pView: 0x23d3bc)
			Block begin: viewLoad(pView: 0)...OK, time:   9.680 ms
			Block begin: vPortDestroy(pVPort: 0x26bf5c)
				Parent extView: 0x23d3bc
				found VP: 0x26bf5c... gotcha!
				Block begin: Destroying managers
					Destroying manager 128 @addr: 0x26c0c4
					cameraManagerDestroy...OK! 
					Destroying manager 0 @addr: 0x26bfec
					Block begin: simpleBufferDestroy()
						Block begin: bitmapDestroy(pBitMap: 0x26c024)...OK, time:   7.082 ms
						Block begin: bitmapDestroy(pBitMap: 0x26c074)...OK, time:   5.826 ms
					Block end: simpleBufferDestroy(), time:   5.886 ms
				Block end: Destroying managers, time: >7min
			Block end: vPortDestroy(), time:   3.336 ms
			Freeing copperlists...
			Block begin: copListDestroy(pCopList: 0x26bee4)...OK, time:  13.667 ms
		Block end: viewDestroy(), time: >7min
	Block end: statePopAll(), time:   4.633 ms
Block end: stateManagerDestroy(), time:  10.713 ms
Block begin: stateDestroy(pState: 0x23d484)...OK, time: >7min
Block begin: keyDestroy()...OK, time:  53.2 us
Goodbye, Amiga!
Block begin: copDestroy()
	Block begin: copListDestroy(pCopList: 0x228354)...OK, time:   7.405 ms
Block end: copDestroy(), time: >7min
Block begin: blitManagerDestroy...OK, time:  60.0 us
Log closed successfully