Allocated FAST memory 0@0x228354, size 16 (/root/ACE/src/ace/managers/copper.c:136)
Allocated FAST memory 1@0x23153c, size 8 (/root/ACE/src/ace/managers/copper.c:138)
Allocated FAST memory 2@0x23d32c, size 8 (/root/ACE/src/ace/managers/copper.c:139)
Allocated FAST memory 3@0x23d34c, size 4 (/root/ACE/src/ace/managers/state.c:30)
Allocated FAST memory 4@0x23d484, size 24 (/root/ACE/src/ace/managers/state.c:59)
Allocated FAST memory 5@0x23d3bc, size 12 (/root/ACE/src/ace/utils/extview.c:16)
Allocated FAST memory 6@0x26bee4, size 16 (/root/ACE/src/ace/managers/copper.c:136)
Allocated FAST memory 7@0x26befc, size 8 (/root/ACE/src/ace/managers/copper.c:138)
Allocated FAST memory 8@0x26bf1c, size 8 (/root/ACE/src/ace/managers/copper.c:139)
Allocated CHIP memory 9@0x14af4, size 60 (/root/ACE/src/ace/managers/copper.c:163)
Allocated CHIP memory 10@0x14b3c, size 60 (/root/ACE/src/ace/managers/copper.c:168)
Allocated FAST memory 11@0x26bf5c, size 88 (/root/ACE/src/ace/utils/extview.c:145)
Allocated FAST memory 12@0x26bfec, size 42 (/root/ACE/src/ace/managers/viewport/simplebuffer.c:115)
Allocated FAST memory 13@0x26c024, size 40 (/root/ACE/src/ace/utils/bitmap.c:29)
Allocated CHIP memory 14@0x23264, size 10240 (/root/ACE/src/ace/utils/bitmap.c:59)
Allocated FAST memory 15@0x26c074, size 40 (/root/ACE/src/ace/utils/bitmap.c:29)
Allocated CHIP memory 16@0x25a6c, size 10240 (/root/ACE/src/ace/utils/bitmap.c:59)
Allocated FAST memory 17@0x26c0c4, size 36 (/root/ACE/src/ace/managers/viewport/camera.c:18)
freed memory 17@0x26c0c4, size 36 (/root/ACE/src/ace/managers/viewport/camera.c:36)
freed memory 14@0x23264, size 10240 (/root/ACE/src/ace/utils/bitmap.c:354)
freed memory 13@0x26c024, size 40 (/root/ACE/src/ace/utils/bitmap.c:356)
freed memory 16@0x25a6c, size 10240 (/root/ACE/src/ace/utils/bitmap.c:354)
freed memory 15@0x26c074, size 40 (/root/ACE/src/ace/utils/bitmap.c:356)
freed memory 12@0x26bfec, size 42 (/root/ACE/src/ace/managers/viewport/simplebuffer.c:232)
freed memory 11@0x26bf5c, size 88 (/root/ACE/src/ace/utils/extview.c:257)
freed memory 9@0x14af4, size 60 (/root/ACE/src/ace/managers/copper.c:196)
freed memory 7@0x26befc, size 8 (/root/ACE/src/ace/managers/copper.c:198)
freed memory 10@0x14b3c, size 60 (/root/ACE/src/ace/managers/copper.c:202)
freed memory 8@0x26bf1c, size 8 (/root/ACE/src/ace/managers/copper.c:204)
freed memory 6@0x26bee4, size 16 (/root/ACE/src/ace/managers/copper.c:207)
freed memory 5@0x23d3bc, size 12 (/root/ACE/src/ace/utils/extview.c:69)
freed memory 3@0x23d34c, size 4 (/root/ACE/src/ace/managers/state.c:44)
freed memory 4@0x23d484, size 24 (/root/ACE/src/ace/managers/state.c:78)
freed memory 1@0x23153c, size 8 (/root/ACE/src/ace/managers/copper.c:198)
freed memory 2@0x23d32c, size 8 (/root/ACE/src/ace/managers/copper.c:204)
freed memory 0@0x228354, size 16 (/root/ACE/src/ace/managers/copper.c:207)

=============== MEMORY MANAGER DESTROY ==============
If something is deallocated past here, you're a wuss!
Peak usage: CHIP: 20600, FAST: 350
