Allocated FAST memory 0@0x22521c, size 16 (/root/ACE/src/ace/managers/copper.c:136)
Allocated FAST memory 1@0x22bf5c, size 8 (/root/ACE/src/ace/managers/copper.c:138)
Allocated FAST memory 2@0x22e0a4, size 8 (/root/ACE/src/ace/managers/copper.c:139)
Allocated FAST memory 3@0x22e644, size 4 (/root/ACE/src/ace/managers/state.c:30)
Allocated FAST memory 4@0x23a384, size 24 (/root/ACE/src/ace/managers/state.c:59)
Allocated FAST memory 5@0x22f8c4, size 12 (/root/ACE/src/ace/utils/extview.c:16)
Allocated FAST memory 6@0x23a4ac, size 16 (/root/ACE/src/ace/managers/copper.c:136)
Allocated FAST memory 7@0x23a4d4, size 8 (/root/ACE/src/ace/managers/copper.c:138)
Allocated FAST memory 8@0x23a4f4, size 8 (/root/ACE/src/ace/managers/copper.c:139)
Allocated CHIP memory 9@0x14b44, size 588 (/root/ACE/src/ace/managers/copper.c:163)
Allocated CHIP memory 10@0x15e0c, size 588 (/root/ACE/src/ace/managers/copper.c:168)
Allocated FAST memory 11@0x23b5a4, size 88 (/root/ACE/src/ace/utils/extview.c:145)
Allocated FAST memory 12@0x23b604, size 42 (/root/ACE/src/ace/managers/viewport/simplebuffer.c:119)
Allocated FAST memory 13@0x23b63c, size 40 (/root/ACE/src/ace/utils/bitmap.c:29)
Allocated CHIP memory 14@0x16064, size 10240 (/root/ACE/src/ace/utils/bitmap.c:59)
Allocated CHIP memory 15@0x1886c, size 10240 (/root/ACE/src/ace/utils/bitmap.c:59)
Allocated CHIP memory 16@0x1b074, size 10240 (/root/ACE/src/ace/utils/bitmap.c:59)
Allocated CHIP memory 17@0x1d87c, size 10240 (/root/ACE/src/ace/utils/bitmap.c:59)
Allocated CHIP memory 18@0x20084, size 10240 (/root/ACE/src/ace/utils/bitmap.c:59)
Allocated FAST memory 19@0x23b684, size 36 (/root/ACE/src/ace/managers/viewport/camera.c:18)
Allocated FAST memory 20@0x23b6b4, size 16 (metaballschunky8.c:580)
Allocated FAST memory 21@0x23a6a4, size 8 (metaballschunky8.c:582)
Allocated FAST memory 22@0x23b6dc, size 8 (metaballschunky8.c:583)
Allocated CHIP memory 23@0x2288c, size 588 (metaballschunky8.c:608)
Allocated CHIP memory 24@0x22ae4, size 588 (metaballschunky8.c:613)
Allocated FAST memory 25@0x23b71c, size 16 (metaballschunky8.c:580)
Allocated FAST memory 26@0x23b744, size 8 (metaballschunky8.c:582)
Allocated FAST memory 27@0x23b764, size 8 (metaballschunky8.c:583)
Allocated CHIP memory 28@0x22d3c, size 4724 (metaballschunky8.c:608)
Allocated CHIP memory 29@0x23fbc, size 4724 (metaballschunky8.c:613)
freed memory 23@0x2288c, size 588 (/root/ACE/src/ace/managers/copper.c:196)
freed memory 21@0x23a6a4, size 8 (/root/ACE/src/ace/managers/copper.c:198)
freed memory 24@0x22ae4, size 588 (/root/ACE/src/ace/managers/copper.c:202)
freed memory 22@0x23b6dc, size 8 (/root/ACE/src/ace/managers/copper.c:204)
freed memory 20@0x23b6b4, size 16 (/root/ACE/src/ace/managers/copper.c:207)
freed memory 19@0x23b684, size 36 (/root/ACE/src/ace/managers/viewport/camera.c:36)
freed memory 14@0x16064, size 10240 (/root/ACE/src/ace/utils/bitmap.c:354)
freed memory 15@0x1886c, size 10240 (/root/ACE/src/ace/utils/bitmap.c:354)
freed memory 16@0x1b074, size 10240 (/root/ACE/src/ace/utils/bitmap.c:354)
freed memory 17@0x1d87c, size 10240 (/root/ACE/src/ace/utils/bitmap.c:354)
freed memory 18@0x20084, size 10240 (/root/ACE/src/ace/utils/bitmap.c:354)
freed memory 13@0x23b63c, size 40 (/root/ACE/src/ace/utils/bitmap.c:356)
freed memory 12@0x23b604, size 42 (/root/ACE/src/ace/managers/viewport/simplebuffer.c:237)
freed memory 11@0x23b5a4, size 88 (/root/ACE/src/ace/utils/extview.c:257)
freed memory 10@0x15e0c, size 588 (/root/ACE/src/ace/managers/copper.c:196)
freed memory 8@0x23a4f4, size 8 (/root/ACE/src/ace/managers/copper.c:198)
freed memory 9@0x14b44, size 588 (/root/ACE/src/ace/managers/copper.c:202)
freed memory 7@0x23a4d4, size 8 (/root/ACE/src/ace/managers/copper.c:204)
freed memory 6@0x23a4ac, size 16 (/root/ACE/src/ace/managers/copper.c:207)
freed memory 5@0x22f8c4, size 12 (/root/ACE/src/ace/utils/extview.c:69)
freed memory 3@0x22e644, size 4 (/root/ACE/src/ace/managers/state.c:44)
freed memory 4@0x23a384, size 24 (/root/ACE/src/ace/managers/state.c:78)
freed memory 2@0x22e0a4, size 8 (/root/ACE/src/ace/managers/copper.c:198)
freed memory 1@0x22bf5c, size 8 (/root/ACE/src/ace/managers/copper.c:204)
freed memory 0@0x22521c, size 16 (/root/ACE/src/ace/managers/copper.c:207)

=============== MEMORY MANAGER DESTROY ==============
If something is deallocated past here, you're a wuss!
freed memory 29@0x23fbc, size 4724 (memoryDestroy:0)
freed memory 28@0x22d3c, size 4724 (memoryDestroy:0)
freed memory 27@0x23b764, size 8 (memoryDestroy:0)
freed memory 26@0x23b744, size 8 (memoryDestroy:0)
freed memory 25@0x23b71c, size 16 (memoryDestroy:0)
Peak usage: CHIP: 63000, FAST: 374
